{"/home/ikesteoger/projects/courses/code-401/storefront/src/App.jsx": {"path":"/home/ikesteoger/projects/courses/code-401/storefront/src/App.jsx","statementMap":{"0":{"start":{"line":8,"column":2},"end":{"line":18,"column":3}}},"fnMap":{"0":{"name":"App","decl":{"start":{"line":7,"column":9},"end":{"line":7,"column":12}},"loc":{"start":{"line":7,"column":15},"end":{"line":19,"column":1}},"line":7}},"branchMap":{},"s":{"0":1},"f":{"0":1},"b":{},"_coverageSchema":"1a1c01bbd47fc00a2c39e90264f33305004495a9","hash":"aea28d7cba401db6ef6f10e56cd8c1d58d4634c9"}
,"/home/ikesteoger/projects/courses/code-401/storefront/src/Components/ActiveCategory/index.jsx": {"path":"/home/ikesteoger/projects/courses/code-401/storefront/src/Components/ActiveCategory/index.jsx","statementMap":{"0":{"start":{"line":6,"column":31},"end":{"line":6,"column":71}},"1":{"start":{"line":6,"column":54},"end":{"line":6,"column":70}},"2":{"start":{"line":10,"column":4},"end":{"line":17,"column":5}}},"fnMap":{"0":{"name":"ActiveCategory","decl":{"start":{"line":4,"column":9},"end":{"line":4,"column":23}},"loc":{"start":{"line":4,"column":26},"end":{"line":18,"column":1}},"line":4},"1":{"name":"(anonymous_1)","decl":{"start":{"line":6,"column":43},"end":{"line":6,"column":44}},"loc":{"start":{"line":6,"column":54},"end":{"line":6,"column":70}},"line":6}},"branchMap":{},"s":{"0":1,"1":2,"2":1},"f":{"0":1,"1":2},"b":{},"_coverageSchema":"1a1c01bbd47fc00a2c39e90264f33305004495a9","hash":"7c04dfe0efa9d3b1adc8fe967c7bd18cfe34355d"}
,"/home/ikesteoger/projects/courses/code-401/storefront/src/Components/Categories/index.jsx": {"path":"/home/ikesteoger/projects/courses/code-401/storefront/src/Components/Categories/index.jsx","statementMap":{"0":{"start":{"line":11,"column":27},"end":{"line":11,"column":67}},"1":{"start":{"line":11,"column":50},"end":{"line":11,"column":66}},"2":{"start":{"line":14,"column":21},"end":{"line":14,"column":34}},"3":{"start":{"line":15,"column":28},"end":{"line":18,"column":5}},"4":{"start":{"line":16,"column":8},"end":{"line":16,"column":44}},"5":{"start":{"line":17,"column":8},"end":{"line":17,"column":53}},"6":{"start":{"line":20,"column":4},"end":{"line":22,"column":11}},"7":{"start":{"line":21,"column":8},"end":{"line":21,"column":33}},"8":{"start":{"line":24,"column":4},"end":{"line":35,"column":5}},"9":{"start":{"line":30,"column":24},"end":{"line":30,"column":126}},"10":{"start":{"line":30,"column":75},"end":{"line":30,"column":100}}},"fnMap":{"0":{"name":"Categories","decl":{"start":{"line":9,"column":9},"end":{"line":9,"column":19}},"loc":{"start":{"line":9,"column":22},"end":{"line":36,"column":1}},"line":9},"1":{"name":"(anonymous_1)","decl":{"start":{"line":11,"column":39},"end":{"line":11,"column":40}},"loc":{"start":{"line":11,"column":50},"end":{"line":11,"column":66}},"line":11},"2":{"name":"(anonymous_2)","decl":{"start":{"line":15,"column":28},"end":{"line":15,"column":29}},"loc":{"start":{"line":15,"column":42},"end":{"line":18,"column":5}},"line":15},"3":{"name":"(anonymous_3)","decl":{"start":{"line":20,"column":14},"end":{"line":20,"column":15}},"loc":{"start":{"line":20,"column":20},"end":{"line":22,"column":5}},"line":20},"4":{"name":"(anonymous_4)","decl":{"start":{"line":29,"column":35},"end":{"line":29,"column":36}},"loc":{"start":{"line":30,"column":24},"end":{"line":30,"column":126}},"line":30},"5":{"name":"(anonymous_5)","decl":{"start":{"line":30,"column":69},"end":{"line":30,"column":70}},"loc":{"start":{"line":30,"column":75},"end":{"line":30,"column":100}},"line":30}},"branchMap":{},"s":{"0":2,"1":4,"2":2,"3":2,"4":0,"5":0,"6":2,"7":2,"8":2,"9":0,"10":0},"f":{"0":2,"1":4,"2":0,"3":2,"4":0,"5":0},"b":{},"_coverageSchema":"1a1c01bbd47fc00a2c39e90264f33305004495a9","hash":"fc03013264f285673ad1779c4ea381dcc14ef8f7"}
,"/home/ikesteoger/projects/courses/code-401/storefront/src/Components/Footer/index.jsx": {"path":"/home/ikesteoger/projects/courses/code-401/storefront/src/Components/Footer/index.jsx","statementMap":{"0":{"start":{"line":4,"column":4},"end":{"line":6,"column":5}}},"fnMap":{"0":{"name":"Footer","decl":{"start":{"line":3,"column":9},"end":{"line":3,"column":15}},"loc":{"start":{"line":3,"column":18},"end":{"line":7,"column":1}},"line":3}},"branchMap":{},"s":{"0":2},"f":{"0":2},"b":{},"_coverageSchema":"1a1c01bbd47fc00a2c39e90264f33305004495a9","hash":"a7a1a029b266bcc67a75dfdc3bc426709a3cc5c3"}
,"/home/ikesteoger/projects/courses/code-401/storefront/src/Components/Header/index.jsx": {"path":"/home/ikesteoger/projects/courses/code-401/storefront/src/Components/Header/index.jsx","statementMap":{"0":{"start":{"line":7,"column":21},"end":{"line":7,"column":55}},"1":{"start":{"line":7,"column":44},"end":{"line":7,"column":54}},"2":{"start":{"line":10,"column":4},"end":{"line":32,"column":5}}},"fnMap":{"0":{"name":"Header","decl":{"start":{"line":5,"column":9},"end":{"line":5,"column":15}},"loc":{"start":{"line":5,"column":18},"end":{"line":33,"column":1}},"line":5},"1":{"name":"(anonymous_1)","decl":{"start":{"line":7,"column":33},"end":{"line":7,"column":34}},"loc":{"start":{"line":7,"column":44},"end":{"line":7,"column":54}},"line":7}},"branchMap":{},"s":{"0":1,"1":2,"2":1},"f":{"0":1,"1":2},"b":{},"_coverageSchema":"1a1c01bbd47fc00a2c39e90264f33305004495a9","hash":"47ad0d52fa0ee610fdd1a713dd687d42a93e1b4c"}
,"/home/ikesteoger/projects/courses/code-401/storefront/src/Components/ProductDetails/index.jsx": {"path":"/home/ikesteoger/projects/courses/code-401/storefront/src/Components/ProductDetails/index.jsx","statementMap":{"0":{"start":{"line":8,"column":19},"end":{"line":8,"column":30}},"1":{"start":{"line":9,"column":25},"end":{"line":9,"column":63}},"2":{"start":{"line":9,"column":48},"end":{"line":9,"column":62}},"3":{"start":{"line":11,"column":26},"end":{"line":11,"column":70}},"4":{"start":{"line":11,"column":51},"end":{"line":11,"column":69}},"5":{"start":{"line":12,"column":4},"end":{"line":12,"column":30}},"6":{"start":{"line":13,"column":4},"end":{"line":21,"column":5}}},"fnMap":{"0":{"name":"ProductDetails","decl":{"start":{"line":6,"column":9},"end":{"line":6,"column":23}},"loc":{"start":{"line":6,"column":26},"end":{"line":22,"column":1}},"line":6},"1":{"name":"(anonymous_1)","decl":{"start":{"line":9,"column":37},"end":{"line":9,"column":38}},"loc":{"start":{"line":9,"column":48},"end":{"line":9,"column":62}},"line":9},"2":{"name":"(anonymous_2)","decl":{"start":{"line":11,"column":40},"end":{"line":11,"column":41}},"loc":{"start":{"line":11,"column":51},"end":{"line":11,"column":69}},"line":11}},"branchMap":{},"s":{"0":0,"1":0,"2":0,"3":0,"4":0,"5":0,"6":0},"f":{"0":0,"1":0,"2":0},"b":{},"_coverageSchema":"1a1c01bbd47fc00a2c39e90264f33305004495a9","hash":"9edec726ed0f669a0428e34847da0314a8835073"}
,"/home/ikesteoger/projects/courses/code-401/storefront/src/Components/Products/index.jsx": {"path":"/home/ikesteoger/projects/courses/code-401/storefront/src/Components/Products/index.jsx","statementMap":{"0":{"start":{"line":11,"column":25},"end":{"line":11,"column":63}},"1":{"start":{"line":11,"column":48},"end":{"line":11,"column":62}},"2":{"start":{"line":12,"column":31},"end":{"line":12,"column":71}},"3":{"start":{"line":12,"column":54},"end":{"line":12,"column":70}},"4":{"start":{"line":13,"column":21},"end":{"line":13,"column":34}},"5":{"start":{"line":17,"column":26},"end":{"line":20,"column":5}},"6":{"start":{"line":18,"column":8},"end":{"line":18,"column":39}},"7":{"start":{"line":19,"column":8},"end":{"line":19,"column":39}},"8":{"start":{"line":22,"column":4},"end":{"line":24,"column":24}},"9":{"start":{"line":23,"column":8},"end":{"line":23,"column":50}},"10":{"start":{"line":26,"column":4},"end":{"line":66,"column":5}},"11":{"start":{"line":30,"column":20},"end":{"line":62,"column":23}},"12":{"start":{"line":52,"column":80},"end":{"line":52,"column":102}}},"fnMap":{"0":{"name":"Products","decl":{"start":{"line":9,"column":9},"end":{"line":9,"column":17}},"loc":{"start":{"line":9,"column":20},"end":{"line":67,"column":1}},"line":9},"1":{"name":"(anonymous_1)","decl":{"start":{"line":11,"column":37},"end":{"line":11,"column":38}},"loc":{"start":{"line":11,"column":48},"end":{"line":11,"column":62}},"line":11},"2":{"name":"(anonymous_2)","decl":{"start":{"line":12,"column":43},"end":{"line":12,"column":44}},"loc":{"start":{"line":12,"column":54},"end":{"line":12,"column":70}},"line":12},"3":{"name":"(anonymous_3)","decl":{"start":{"line":17,"column":26},"end":{"line":17,"column":27}},"loc":{"start":{"line":17,"column":39},"end":{"line":20,"column":5}},"line":17},"4":{"name":"(anonymous_4)","decl":{"start":{"line":22,"column":14},"end":{"line":22,"column":15}},"loc":{"start":{"line":22,"column":20},"end":{"line":24,"column":5}},"line":22},"5":{"name":"(anonymous_5)","decl":{"start":{"line":29,"column":30},"end":{"line":29,"column":31}},"loc":{"start":{"line":30,"column":20},"end":{"line":62,"column":23}},"line":30},"6":{"name":"(anonymous_6)","decl":{"start":{"line":52,"column":74},"end":{"line":52,"column":75}},"loc":{"start":{"line":52,"column":80},"end":{"line":52,"column":102}},"line":52}},"branchMap":{},"s":{"0":1,"1":2,"2":1,"3":2,"4":1,"5":1,"6":0,"7":0,"8":1,"9":1,"10":1,"11":0,"12":0},"f":{"0":1,"1":2,"2":2,"3":0,"4":1,"5":0,"6":0},"b":{},"_coverageSchema":"1a1c01bbd47fc00a2c39e90264f33305004495a9","hash":"f7f118630e3fb34f5df59df71e4bcc00b3265414"}
,"/home/ikesteoger/projects/courses/code-401/storefront/src/Components/ShoppingCart/index.jsx": {"path":"/home/ikesteoger/projects/courses/code-401/storefront/src/Components/ShoppingCart/index.jsx","statementMap":{"0":{"start":{"line":5,"column":21},"end":{"line":5,"column":55}},"1":{"start":{"line":5,"column":44},"end":{"line":5,"column":54}},"2":{"start":{"line":7,"column":27},"end":{"line":13,"column":5}},"3":{"start":{"line":8,"column":20},"end":{"line":8,"column":21}},"4":{"start":{"line":9,"column":8},"end":{"line":11,"column":10}},"5":{"start":{"line":10,"column":12},"end":{"line":10,"column":34}},"6":{"start":{"line":12,"column":8},"end":{"line":12,"column":21}},"7":{"start":{"line":15,"column":4},"end":{"line":34,"column":5}},"8":{"start":{"line":21,"column":28},"end":{"line":24,"column":33}}},"fnMap":{"0":{"name":"ShoppingCart","decl":{"start":{"line":4,"column":9},"end":{"line":4,"column":21}},"loc":{"start":{"line":4,"column":24},"end":{"line":35,"column":1}},"line":4},"1":{"name":"(anonymous_1)","decl":{"start":{"line":5,"column":33},"end":{"line":5,"column":34}},"loc":{"start":{"line":5,"column":44},"end":{"line":5,"column":54}},"line":5},"2":{"name":"(anonymous_2)","decl":{"start":{"line":7,"column":27},"end":{"line":7,"column":28}},"loc":{"start":{"line":7,"column":33},"end":{"line":13,"column":5}},"line":7},"3":{"name":"(anonymous_3)","decl":{"start":{"line":9,"column":21},"end":{"line":9,"column":22}},"loc":{"start":{"line":9,"column":34},"end":{"line":11,"column":9}},"line":9},"4":{"name":"(anonymous_4)","decl":{"start":{"line":20,"column":33},"end":{"line":20,"column":34}},"loc":{"start":{"line":21,"column":28},"end":{"line":24,"column":33}},"line":21}},"branchMap":{},"s":{"0":0,"1":0,"2":0,"3":0,"4":0,"5":0,"6":0,"7":0,"8":0},"f":{"0":0,"1":0,"2":0,"3":0,"4":0},"b":{},"_coverageSchema":"1a1c01bbd47fc00a2c39e90264f33305004495a9","hash":"fc00c0bc5eab4486f222ab580c7132fae0d904c2"}
,"/home/ikesteoger/projects/courses/code-401/storefront/src/Components/SimpleCart/index.jsx": {"path":"/home/ikesteoger/projects/courses/code-401/storefront/src/Components/SimpleCart/index.jsx","statementMap":{"0":{"start":{"line":11,"column":21},"end":{"line":11,"column":55}},"1":{"start":{"line":11,"column":44},"end":{"line":11,"column":54}},"2":{"start":{"line":12,"column":21},"end":{"line":12,"column":34}},"3":{"start":{"line":15,"column":29},"end":{"line":18,"column":5}},"4":{"start":{"line":16,"column":8},"end":{"line":16,"column":44}},"5":{"start":{"line":17,"column":8},"end":{"line":17,"column":36}},"6":{"start":{"line":20,"column":4},"end":{"line":35,"column":5}},"7":{"start":{"line":26,"column":20},"end":{"line":29,"column":25}},"8":{"start":{"line":28,"column":47},"end":{"line":28,"column":72}}},"fnMap":{"0":{"name":"SimpleCart","decl":{"start":{"line":9,"column":9},"end":{"line":9,"column":19}},"loc":{"start":{"line":9,"column":22},"end":{"line":37,"column":1}},"line":9},"1":{"name":"(anonymous_1)","decl":{"start":{"line":11,"column":33},"end":{"line":11,"column":34}},"loc":{"start":{"line":11,"column":44},"end":{"line":11,"column":54}},"line":11},"2":{"name":"(anonymous_2)","decl":{"start":{"line":15,"column":29},"end":{"line":15,"column":30}},"loc":{"start":{"line":15,"column":42},"end":{"line":18,"column":5}},"line":15},"3":{"name":"(anonymous_3)","decl":{"start":{"line":25,"column":25},"end":{"line":25,"column":26}},"loc":{"start":{"line":26,"column":20},"end":{"line":29,"column":25}},"line":26},"4":{"name":"(anonymous_4)","decl":{"start":{"line":28,"column":41},"end":{"line":28,"column":42}},"loc":{"start":{"line":28,"column":47},"end":{"line":28,"column":72}},"line":28}},"branchMap":{},"s":{"0":1,"1":2,"2":1,"3":1,"4":0,"5":0,"6":1,"7":0,"8":0},"f":{"0":1,"1":2,"2":0,"3":0,"4":0},"b":{},"_coverageSchema":"1a1c01bbd47fc00a2c39e90264f33305004495a9","hash":"69b43899fc50550b3856540ae7379d453b7c5a4e"}
,"/home/ikesteoger/projects/courses/code-401/storefront/src/Components/Storefront/index.jsx": {"path":"/home/ikesteoger/projects/courses/code-401/storefront/src/Components/Storefront/index.jsx","statementMap":{"0":{"start":{"line":10,"column":2},"end":{"line":21,"column":3}}},"fnMap":{"0":{"name":"Storefront","decl":{"start":{"line":9,"column":9},"end":{"line":9,"column":19}},"loc":{"start":{"line":9,"column":22},"end":{"line":22,"column":1}},"line":9}},"branchMap":{},"s":{"0":1},"f":{"0":1},"b":{},"_coverageSchema":"1a1c01bbd47fc00a2c39e90264f33305004495a9","hash":"4046c7db0a92f753f4fee95861729164a41cbdac"}
,"/home/ikesteoger/projects/courses/code-401/storefront/src/store/cart.js": {"path":"/home/ikesteoger/projects/courses/code-401/storefront/src/store/cart.js","statementMap":{"0":{"start":{"line":3,"column":19},"end":{"line":5,"column":1}},"1":{"start":{"line":7,"column":18},"end":{"line":29,"column":2}},"2":{"start":{"line":12,"column":12},"end":{"line":17,"column":13}},"3":{"start":{"line":20,"column":12},"end":{"line":23,"column":13}},"4":{"start":{"line":22,"column":50},"end":{"line":22,"column":83}},"5":{"start":{"line":26,"column":12},"end":{"line":26,"column":24}},"6":{"start":{"line":31,"column":56},"end":{"line":31,"column":73}}},"fnMap":{"0":{"name":"(anonymous_0)","decl":{"start":{"line":11,"column":21},"end":{"line":11,"column":22}},"loc":{"start":{"line":11,"column":40},"end":{"line":18,"column":9}},"line":11},"1":{"name":"(anonymous_1)","decl":{"start":{"line":19,"column":26},"end":{"line":19,"column":27}},"loc":{"start":{"line":19,"column":45},"end":{"line":24,"column":9}},"line":19},"2":{"name":"(anonymous_2)","decl":{"start":{"line":22,"column":40},"end":{"line":22,"column":41}},"loc":{"start":{"line":22,"column":50},"end":{"line":22,"column":83}},"line":22},"3":{"name":"(anonymous_3)","decl":{"start":{"line":25,"column":15},"end":{"line":25,"column":16}},"loc":{"start":{"line":25,"column":26},"end":{"line":27,"column":9}},"line":25}},"branchMap":{},"s":{"0":8,"1":8,"2":1,"3":1,"4":1,"5":1,"6":8},"f":{"0":1,"1":1,"2":1,"3":1},"b":{},"_coverageSchema":"1a1c01bbd47fc00a2c39e90264f33305004495a9","hash":"a0b0f8448bd0266ff6af8595c30efed13e6f3b74"}
,"/home/ikesteoger/projects/courses/code-401/storefront/src/store/categories.js": {"path":"/home/ikesteoger/projects/courses/code-401/storefront/src/store/categories.js","statementMap":{"0":{"start":{"line":5,"column":22},"end":{"line":28,"column":2}},"1":{"start":{"line":13,"column":12},"end":{"line":16,"column":13}},"2":{"start":{"line":19,"column":12},"end":{"line":22,"column":13}},"3":{"start":{"line":25,"column":12},"end":{"line":25,"column":25}},"4":{"start":{"line":30,"column":50},"end":{"line":30,"column":71}},"5":{"start":{"line":33,"column":29},"end":{"line":37,"column":1}},"6":{"start":{"line":33,"column":35},"end":{"line":37,"column":1}},"7":{"start":{"line":34,"column":19},"end":{"line":34,"column":87}},"8":{"start":{"line":36,"column":4},"end":{"line":36,"column":51}}},"fnMap":{"0":{"name":"(anonymous_0)","decl":{"start":{"line":12,"column":23},"end":{"line":12,"column":24}},"loc":{"start":{"line":12,"column":42},"end":{"line":17,"column":9}},"line":12},"1":{"name":"(anonymous_1)","decl":{"start":{"line":18,"column":25},"end":{"line":18,"column":26}},"loc":{"start":{"line":18,"column":44},"end":{"line":23,"column":9}},"line":18},"2":{"name":"(anonymous_2)","decl":{"start":{"line":24,"column":15},"end":{"line":24,"column":16}},"loc":{"start":{"line":24,"column":34},"end":{"line":26,"column":9}},"line":24},"3":{"name":"(anonymous_3)","decl":{"start":{"line":33,"column":29},"end":{"line":33,"column":30}},"loc":{"start":{"line":33,"column":35},"end":{"line":37,"column":1}},"line":33},"4":{"name":"(anonymous_4)","decl":{"start":{"line":33,"column":35},"end":{"line":33,"column":36}},"loc":{"start":{"line":33,"column":64},"end":{"line":37,"column":1}},"line":33}},"branchMap":{},"s":{"0":8,"1":1,"2":0,"3":0,"4":8,"5":8,"6":2,"7":2,"8":0},"f":{"0":1,"1":0,"2":0,"3":2,"4":2},"b":{},"_coverageSchema":"1a1c01bbd47fc00a2c39e90264f33305004495a9","hash":"3ae7a8a19609c4bf65f083b4d9d535eb8c77f6bc"}
,"/home/ikesteoger/projects/courses/code-401/storefront/src/store/index.js": {"path":"/home/ikesteoger/projects/courses/code-401/storefront/src/store/index.js","statementMap":{"0":{"start":{"line":7,"column":14},"end":{"line":13,"column":2}},"1":{"start":{"line":7,"column":20},"end":{"line":13,"column":2}}},"fnMap":{"0":{"name":"(anonymous_0)","decl":{"start":{"line":7,"column":14},"end":{"line":7,"column":15}},"loc":{"start":{"line":7,"column":20},"end":{"line":13,"column":2}},"line":7}},"branchMap":{},"s":{"0":7,"1":7},"f":{"0":7},"b":{},"_coverageSchema":"1a1c01bbd47fc00a2c39e90264f33305004495a9","hash":"af498c46bbd561430d5bbea4e8379b3197d57dc0"}
,"/home/ikesteoger/projects/courses/code-401/storefront/src/store/products.js": {"path":"/home/ikesteoger/projects/courses/code-401/storefront/src/store/products.js","statementMap":{"0":{"start":{"line":4,"column":21},"end":{"line":6,"column":1}},"1":{"start":{"line":8,"column":21},"end":{"line":28,"column":2}},"2":{"start":{"line":13,"column":12},"end":{"line":16,"column":13}},"3":{"start":{"line":19,"column":12},"end":{"line":22,"column":13}},"4":{"start":{"line":21,"column":59},"end":{"line":21,"column":99}},"5":{"start":{"line":25,"column":12},"end":{"line":25,"column":25}},"6":{"start":{"line":29,"column":57},"end":{"line":29,"column":77}},"7":{"start":{"line":32,"column":27},"end":{"line":36,"column":1}},"8":{"start":{"line":32,"column":47},"end":{"line":36,"column":1}},"9":{"start":{"line":33,"column":19},"end":{"line":33,"column":112}},"10":{"start":{"line":35,"column":4},"end":{"line":35,"column":49}},"11":{"start":{"line":38,"column":27},"end":{"line":43,"column":1}},"12":{"start":{"line":38,"column":40},"end":{"line":43,"column":1}},"13":{"start":{"line":39,"column":4},"end":{"line":39,"column":59}},"14":{"start":{"line":40,"column":16},"end":{"line":40,"column":106}},"15":{"start":{"line":42,"column":4},"end":{"line":42,"column":44}},"16":{"start":{"line":45,"column":24},"end":{"line":50,"column":1}},"17":{"start":{"line":45,"column":37},"end":{"line":50,"column":1}},"18":{"start":{"line":46,"column":4},"end":{"line":46,"column":55}},"19":{"start":{"line":47,"column":16},"end":{"line":47,"column":106}},"20":{"start":{"line":49,"column":4},"end":{"line":49,"column":44}}},"fnMap":{"0":{"name":"(anonymous_0)","decl":{"start":{"line":12,"column":21},"end":{"line":12,"column":22}},"loc":{"start":{"line":12,"column":40},"end":{"line":17,"column":9}},"line":12},"1":{"name":"(anonymous_1)","decl":{"start":{"line":18,"column":34},"end":{"line":18,"column":35}},"loc":{"start":{"line":18,"column":53},"end":{"line":23,"column":9}},"line":18},"2":{"name":"(anonymous_2)","decl":{"start":{"line":21,"column":48},"end":{"line":21,"column":49}},"loc":{"start":{"line":21,"column":59},"end":{"line":21,"column":99}},"line":21},"3":{"name":"(anonymous_3)","decl":{"start":{"line":24,"column":15},"end":{"line":24,"column":16}},"loc":{"start":{"line":24,"column":34},"end":{"line":26,"column":9}},"line":24},"4":{"name":"(anonymous_4)","decl":{"start":{"line":32,"column":27},"end":{"line":32,"column":28}},"loc":{"start":{"line":32,"column":47},"end":{"line":36,"column":1}},"line":32},"5":{"name":"(anonymous_5)","decl":{"start":{"line":32,"column":47},"end":{"line":32,"column":48}},"loc":{"start":{"line":32,"column":77},"end":{"line":36,"column":1}},"line":32},"6":{"name":"(anonymous_6)","decl":{"start":{"line":38,"column":27},"end":{"line":38,"column":28}},"loc":{"start":{"line":38,"column":40},"end":{"line":43,"column":1}},"line":38},"7":{"name":"(anonymous_7)","decl":{"start":{"line":38,"column":40},"end":{"line":38,"column":41}},"loc":{"start":{"line":38,"column":60},"end":{"line":43,"column":1}},"line":38},"8":{"name":"(anonymous_8)","decl":{"start":{"line":45,"column":24},"end":{"line":45,"column":25}},"loc":{"start":{"line":45,"column":37},"end":{"line":50,"column":1}},"line":45},"9":{"name":"(anonymous_9)","decl":{"start":{"line":45,"column":37},"end":{"line":45,"column":38}},"loc":{"start":{"line":45,"column":57},"end":{"line":50,"column":1}},"line":45}},"branchMap":{},"s":{"0":8,"1":8,"2":0,"3":0,"4":0,"5":0,"6":8,"7":8,"8":1,"9":1,"10":0,"11":8,"12":0,"13":0,"14":0,"15":0,"16":8,"17":0,"18":0,"19":0,"20":0},"f":{"0":0,"1":0,"2":0,"3":0,"4":1,"5":1,"6":0,"7":0,"8":0,"9":0},"b":{},"_coverageSchema":"1a1c01bbd47fc00a2c39e90264f33305004495a9","hash":"81c3f86fe68d74863fd488bce2364f912edb596d"}
}
