{"/home/ikesteoger/projects/courses/code-401/storefront/src/Components/ActiveCategory/index.jsx": {"path":"/home/ikesteoger/projects/courses/code-401/storefront/src/Components/ActiveCategory/index.jsx","statementMap":{"0":{"start":{"line":6,"column":31},"end":{"line":6,"column":71}},"1":{"start":{"line":6,"column":54},"end":{"line":6,"column":70}},"2":{"start":{"line":10,"column":4},"end":{"line":17,"column":5}}},"fnMap":{"0":{"name":"ActiveCategory","decl":{"start":{"line":4,"column":9},"end":{"line":4,"column":23}},"loc":{"start":{"line":4,"column":26},"end":{"line":18,"column":1}},"line":4},"1":{"name":"(anonymous_1)","decl":{"start":{"line":6,"column":43},"end":{"line":6,"column":44}},"loc":{"start":{"line":6,"column":54},"end":{"line":6,"column":70}},"line":6}},"branchMap":{},"s":{"0":0,"1":0,"2":0},"f":{"0":0,"1":0},"b":{},"_coverageSchema":"1a1c01bbd47fc00a2c39e90264f33305004495a9","hash":"7c04dfe0efa9d3b1adc8fe967c7bd18cfe34355d"}
,"/home/ikesteoger/projects/courses/code-401/storefront/src/Components/Categories/index.jsx": {"path":"/home/ikesteoger/projects/courses/code-401/storefront/src/Components/Categories/index.jsx","statementMap":{"0":{"start":{"line":9,"column":27},"end":{"line":9,"column":67}},"1":{"start":{"line":9,"column":50},"end":{"line":9,"column":66}},"2":{"start":{"line":12,"column":21},"end":{"line":12,"column":34}},"3":{"start":{"line":13,"column":28},"end":{"line":15,"column":5}},"4":{"start":{"line":14,"column":8},"end":{"line":14,"column":42}},"5":{"start":{"line":17,"column":4},"end":{"line":19,"column":11}},"6":{"start":{"line":18,"column":8},"end":{"line":18,"column":33}},"7":{"start":{"line":21,"column":4},"end":{"line":32,"column":5}},"8":{"start":{"line":27,"column":24},"end":{"line":27,"column":126}},"9":{"start":{"line":27,"column":75},"end":{"line":27,"column":100}}},"fnMap":{"0":{"name":"Categories","decl":{"start":{"line":7,"column":9},"end":{"line":7,"column":19}},"loc":{"start":{"line":7,"column":22},"end":{"line":33,"column":1}},"line":7},"1":{"name":"(anonymous_1)","decl":{"start":{"line":9,"column":39},"end":{"line":9,"column":40}},"loc":{"start":{"line":9,"column":50},"end":{"line":9,"column":66}},"line":9},"2":{"name":"(anonymous_2)","decl":{"start":{"line":13,"column":28},"end":{"line":13,"column":29}},"loc":{"start":{"line":13,"column":42},"end":{"line":15,"column":5}},"line":13},"3":{"name":"(anonymous_3)","decl":{"start":{"line":17,"column":14},"end":{"line":17,"column":15}},"loc":{"start":{"line":17,"column":20},"end":{"line":19,"column":5}},"line":17},"4":{"name":"(anonymous_4)","decl":{"start":{"line":26,"column":35},"end":{"line":26,"column":36}},"loc":{"start":{"line":27,"column":24},"end":{"line":27,"column":126}},"line":27},"5":{"name":"(anonymous_5)","decl":{"start":{"line":27,"column":69},"end":{"line":27,"column":70}},"loc":{"start":{"line":27,"column":75},"end":{"line":27,"column":100}},"line":27}},"branchMap":{},"s":{"0":1,"1":2,"2":1,"3":1,"4":0,"5":1,"6":1,"7":1,"8":0,"9":0},"f":{"0":1,"1":2,"2":0,"3":1,"4":0,"5":0},"b":{},"_coverageSchema":"1a1c01bbd47fc00a2c39e90264f33305004495a9","hash":"a70d369c443d67f16e79564715e29fb4ef066165"}
,"/home/ikesteoger/projects/courses/code-401/storefront/src/Components/Footer/index.jsx": {"path":"/home/ikesteoger/projects/courses/code-401/storefront/src/Components/Footer/index.jsx","statementMap":{"0":{"start":{"line":2,"column":4},"end":{"line":4,"column":5}}},"fnMap":{"0":{"name":"Footer","decl":{"start":{"line":1,"column":9},"end":{"line":1,"column":15}},"loc":{"start":{"line":1,"column":18},"end":{"line":5,"column":1}},"line":1}},"branchMap":{},"s":{"0":1},"f":{"0":1},"b":{},"_coverageSchema":"1a1c01bbd47fc00a2c39e90264f33305004495a9","hash":"12c820674ddd7c7942a0f1e349901880ea7ff449"}
,"/home/ikesteoger/projects/courses/code-401/storefront/src/Components/Header/index.jsx": {"path":"/home/ikesteoger/projects/courses/code-401/storefront/src/Components/Header/index.jsx","statementMap":{"0":{"start":{"line":6,"column":21},"end":{"line":6,"column":55}},"1":{"start":{"line":6,"column":44},"end":{"line":6,"column":54}},"2":{"start":{"line":9,"column":4},"end":{"line":24,"column":5}}},"fnMap":{"0":{"name":"Header","decl":{"start":{"line":4,"column":9},"end":{"line":4,"column":15}},"loc":{"start":{"line":4,"column":18},"end":{"line":25,"column":1}},"line":4},"1":{"name":"(anonymous_1)","decl":{"start":{"line":6,"column":33},"end":{"line":6,"column":34}},"loc":{"start":{"line":6,"column":44},"end":{"line":6,"column":54}},"line":6}},"branchMap":{},"s":{"0":1,"1":2,"2":1},"f":{"0":1,"1":2},"b":{},"_coverageSchema":"1a1c01bbd47fc00a2c39e90264f33305004495a9","hash":"04a4cb8f8f5fa84149a595a03bc9cd21b5e714f1"}
,"/home/ikesteoger/projects/courses/code-401/storefront/src/store/actions.js": {"path":"/home/ikesteoger/projects/courses/code-401/storefront/src/store/actions.js","statementMap":{"0":{"start":{"line":4,"column":30},"end":{"line":4,"column":59}},"1":{"start":{"line":5,"column":25},"end":{"line":5,"column":50}},"2":{"start":{"line":6,"column":30},"end":{"line":6,"column":60}},"3":{"start":{"line":7,"column":21},"end":{"line":7,"column":40}}},"fnMap":{},"branchMap":{},"s":{"0":2,"1":2,"2":2,"3":2},"f":{},"b":{},"_coverageSchema":"1a1c01bbd47fc00a2c39e90264f33305004495a9","hash":"66bca2d092cea39c8d5b8462e94d12f76329f1b1"}
,"/home/ikesteoger/projects/courses/code-401/storefront/src/store/cart.js": {"path":"/home/ikesteoger/projects/courses/code-401/storefront/src/store/cart.js","statementMap":{"0":{"start":{"line":4,"column":19},"end":{"line":6,"column":1}},"1":{"start":{"line":8,"column":20},"end":{"line":30,"column":1}},"2":{"start":{"line":12,"column":12},"end":{"line":18,"column":19}},"3":{"start":{"line":21,"column":12},"end":{"line":24,"column":13}},"4":{"start":{"line":23,"column":50},"end":{"line":23,"column":83}},"5":{"start":{"line":27,"column":12},"end":{"line":27,"column":25}}},"fnMap":{"0":{"name":"(anonymous_0)","decl":{"start":{"line":11,"column":23},"end":{"line":11,"column":24}},"loc":{"start":{"line":11,"column":42},"end":{"line":19,"column":9}},"line":11},"1":{"name":"(anonymous_1)","decl":{"start":{"line":20,"column":28},"end":{"line":20,"column":29}},"loc":{"start":{"line":20,"column":47},"end":{"line":25,"column":9}},"line":20},"2":{"name":"(anonymous_2)","decl":{"start":{"line":23,"column":40},"end":{"line":23,"column":41}},"loc":{"start":{"line":23,"column":50},"end":{"line":23,"column":83}},"line":23},"3":{"name":"(anonymous_3)","decl":{"start":{"line":26,"column":17},"end":{"line":26,"column":18}},"loc":{"start":{"line":26,"column":36},"end":{"line":28,"column":9}},"line":26}},"branchMap":{},"s":{"0":4,"1":4,"2":1,"3":1,"4":1,"5":1},"f":{"0":1,"1":1,"2":1,"3":1},"b":{},"_coverageSchema":"1a1c01bbd47fc00a2c39e90264f33305004495a9","hash":"e1f3976a80d66ea32e70a1a18612e21d39b5194a"}
,"/home/ikesteoger/projects/courses/code-401/storefront/src/store/categories.js": {"path":"/home/ikesteoger/projects/courses/code-401/storefront/src/store/categories.js","statementMap":{"0":{"start":{"line":5,"column":30},"end":{"line":5,"column":46}},"1":{"start":{"line":7,"column":29},"end":{"line":7,"column":57}},"2":{"start":{"line":9,"column":19},"end":{"line":12,"column":5}},"3":{"start":{"line":14,"column":26},"end":{"line":33,"column":1}},"4":{"start":{"line":18,"column":12},"end":{"line":21,"column":13}},"5":{"start":{"line":24,"column":12},"end":{"line":27,"column":13}},"6":{"start":{"line":30,"column":12},"end":{"line":30,"column":25}},"7":{"start":{"line":35,"column":29},"end":{"line":39,"column":1}},"8":{"start":{"line":35,"column":35},"end":{"line":39,"column":1}},"9":{"start":{"line":36,"column":19},"end":{"line":36,"column":87}},"10":{"start":{"line":37,"column":4},"end":{"line":37,"column":62}},"11":{"start":{"line":38,"column":4},"end":{"line":38,"column":51}}},"fnMap":{"0":{"name":"(anonymous_0)","decl":{"start":{"line":17,"column":26},"end":{"line":17,"column":27}},"loc":{"start":{"line":17,"column":45},"end":{"line":22,"column":9}},"line":17},"1":{"name":"(anonymous_1)","decl":{"start":{"line":23,"column":27},"end":{"line":23,"column":28}},"loc":{"start":{"line":23,"column":46},"end":{"line":28,"column":9}},"line":23},"2":{"name":"(anonymous_2)","decl":{"start":{"line":29,"column":17},"end":{"line":29,"column":18}},"loc":{"start":{"line":29,"column":36},"end":{"line":31,"column":9}},"line":29},"3":{"name":"(anonymous_3)","decl":{"start":{"line":35,"column":29},"end":{"line":35,"column":30}},"loc":{"start":{"line":35,"column":35},"end":{"line":39,"column":1}},"line":35},"4":{"name":"(anonymous_4)","decl":{"start":{"line":35,"column":35},"end":{"line":35,"column":36}},"loc":{"start":{"line":35,"column":64},"end":{"line":39,"column":1}},"line":35}},"branchMap":{},"s":{"0":4,"1":4,"2":4,"3":4,"4":0,"5":1,"6":1,"7":4,"8":1,"9":1,"10":0,"11":0},"f":{"0":0,"1":1,"2":1,"3":1,"4":1},"b":{},"_coverageSchema":"1a1c01bbd47fc00a2c39e90264f33305004495a9","hash":"0a23e7defee3b92f451c16a0380639ee17bffae6"}
,"/home/ikesteoger/projects/courses/code-401/storefront/src/store/constants.js": {"path":"/home/ikesteoger/projects/courses/code-401/storefront/src/store/constants.js","statementMap":{"0":{"start":{"line":1,"column":31},"end":{"line":1,"column":48}},"1":{"start":{"line":2,"column":27},"end":{"line":2,"column":40}},"2":{"start":{"line":3,"column":32},"end":{"line":3,"column":50}},"3":{"start":{"line":4,"column":21},"end":{"line":4,"column":28}}},"fnMap":{},"branchMap":{},"s":{"0":4,"1":4,"2":4,"3":4},"f":{},"b":{},"_coverageSchema":"1a1c01bbd47fc00a2c39e90264f33305004495a9","hash":"db528e7879127d96cadbecedcb435d3134d2e2ac"}
,"/home/ikesteoger/projects/courses/code-401/storefront/src/store/index.js": {"path":"/home/ikesteoger/projects/courses/code-401/storefront/src/store/index.js","statementMap":{"0":{"start":{"line":7,"column":14},"end":{"line":13,"column":2}},"1":{"start":{"line":7,"column":20},"end":{"line":13,"column":2}}},"fnMap":{"0":{"name":"(anonymous_0)","decl":{"start":{"line":7,"column":14},"end":{"line":7,"column":15}},"loc":{"start":{"line":7,"column":20},"end":{"line":13,"column":2}},"line":7}},"branchMap":{},"s":{"0":3,"1":3},"f":{"0":3},"b":{},"_coverageSchema":"1a1c01bbd47fc00a2c39e90264f33305004495a9","hash":"af498c46bbd561430d5bbea4e8379b3197d57dc0"}
,"/home/ikesteoger/projects/courses/code-401/storefront/src/store/products.js": {"path":"/home/ikesteoger/projects/courses/code-401/storefront/src/store/products.js","statementMap":{"0":{"start":{"line":5,"column":28},"end":{"line":5,"column":42}},"1":{"start":{"line":7,"column":27},"end":{"line":7,"column":53}},"2":{"start":{"line":9,"column":19},"end":{"line":11,"column":1}},"3":{"start":{"line":13,"column":24},"end":{"line":51,"column":1}},"4":{"start":{"line":17,"column":12},"end":{"line":20,"column":13}},"5":{"start":{"line":23,"column":12},"end":{"line":25,"column":97}},"6":{"start":{"line":25,"column":55},"end":{"line":25,"column":95}},"7":{"start":{"line":28,"column":12},"end":{"line":35,"column":13}},"8":{"start":{"line":31,"column":20},"end":{"line":33,"column":21}},"9":{"start":{"line":32,"column":24},"end":{"line":32,"column":62}},"10":{"start":{"line":38,"column":12},"end":{"line":45,"column":13}},"11":{"start":{"line":41,"column":20},"end":{"line":43,"column":21}},"12":{"start":{"line":42,"column":24},"end":{"line":42,"column":62}},"13":{"start":{"line":48,"column":12},"end":{"line":48,"column":25}},"14":{"start":{"line":53,"column":27},"end":{"line":57,"column":1}},"15":{"start":{"line":53,"column":33},"end":{"line":57,"column":1}},"16":{"start":{"line":54,"column":19},"end":{"line":54,"column":85}},"17":{"start":{"line":55,"column":4},"end":{"line":55,"column":71}},"18":{"start":{"line":56,"column":4},"end":{"line":56,"column":49}}},"fnMap":{"0":{"name":"(anonymous_0)","decl":{"start":{"line":16,"column":24},"end":{"line":16,"column":25}},"loc":{"start":{"line":16,"column":43},"end":{"line":21,"column":9}},"line":16},"1":{"name":"(anonymous_1)","decl":{"start":{"line":22,"column":27},"end":{"line":22,"column":28}},"loc":{"start":{"line":22,"column":46},"end":{"line":26,"column":9}},"line":22},"2":{"name":"(anonymous_2)","decl":{"start":{"line":25,"column":44},"end":{"line":25,"column":45}},"loc":{"start":{"line":25,"column":55},"end":{"line":25,"column":95}},"line":25},"3":{"name":"(anonymous_3)","decl":{"start":{"line":27,"column":23},"end":{"line":27,"column":24}},"loc":{"start":{"line":27,"column":42},"end":{"line":36,"column":9}},"line":27},"4":{"name":"(anonymous_4)","decl":{"start":{"line":30,"column":44},"end":{"line":30,"column":45}},"loc":{"start":{"line":30,"column":55},"end":{"line":34,"column":17}},"line":30},"5":{"name":"(anonymous_5)","decl":{"start":{"line":37,"column":28},"end":{"line":37,"column":29}},"loc":{"start":{"line":37,"column":47},"end":{"line":46,"column":9}},"line":37},"6":{"name":"(anonymous_6)","decl":{"start":{"line":40,"column":44},"end":{"line":40,"column":45}},"loc":{"start":{"line":40,"column":55},"end":{"line":44,"column":17}},"line":40},"7":{"name":"(anonymous_7)","decl":{"start":{"line":47,"column":17},"end":{"line":47,"column":18}},"loc":{"start":{"line":47,"column":36},"end":{"line":49,"column":9}},"line":47},"8":{"name":"(anonymous_8)","decl":{"start":{"line":53,"column":27},"end":{"line":53,"column":28}},"loc":{"start":{"line":53,"column":33},"end":{"line":57,"column":1}},"line":53},"9":{"name":"(anonymous_9)","decl":{"start":{"line":53,"column":33},"end":{"line":53,"column":34}},"loc":{"start":{"line":53,"column":62},"end":{"line":57,"column":1}},"line":53}},"branchMap":{"0":{"loc":{"start":{"line":31,"column":20},"end":{"line":33,"column":21}},"type":"if","locations":[{"start":{"line":31,"column":20},"end":{"line":33,"column":21}},{"start":{},"end":{}}],"line":31},"1":{"loc":{"start":{"line":41,"column":20},"end":{"line":43,"column":21}},"type":"if","locations":[{"start":{"line":41,"column":20},"end":{"line":43,"column":21}},{"start":{},"end":{}}],"line":41}},"s":{"0":4,"1":4,"2":4,"3":4,"4":0,"5":1,"6":0,"7":1,"8":0,"9":0,"10":1,"11":0,"12":0,"13":1,"14":4,"15":0,"16":0,"17":0,"18":0},"f":{"0":0,"1":1,"2":0,"3":1,"4":0,"5":1,"6":0,"7":1,"8":0,"9":0},"b":{"0":[0,0],"1":[0,0]},"_coverageSchema":"1a1c01bbd47fc00a2c39e90264f33305004495a9","hash":"7ceb5250fbf844273f7090e6b7f43ff96f731f34"}
}
