TN:
SF:src/App.jsx
FN:7,App
FNF:1
FNH:1
FNDA:1,App
DA:8,1
LF:1
LH:1
BRF:0
BRH:0
end_of_record
TN:
SF:src/Components/ActiveCategory/index.jsx
FN:4,ActiveCategory
FN:6,(anonymous_1)
FNF:2
FNH:2
FNDA:1,ActiveCategory
FNDA:2,(anonymous_1)
DA:6,2
DA:10,1
LF:2
LH:2
BRF:0
BRH:0
end_of_record
TN:
SF:src/Components/Categories/index.jsx
FN:9,Categories
FN:11,(anonymous_1)
FN:15,(anonymous_2)
FN:20,(anonymous_3)
FN:29,(anonymous_4)
FN:30,(anonymous_5)
FNF:6
FNH:3
FNDA:2,Categories
FNDA:4,(anonymous_1)
FNDA:0,(anonymous_2)
FNDA:2,(anonymous_3)
FNDA:0,(anonymous_4)
FNDA:0,(anonymous_5)
DA:11,4
DA:14,2
DA:15,2
DA:16,0
DA:17,0
DA:20,2
DA:21,2
DA:24,2
DA:30,0
LF:9
LH:6
BRF:0
BRH:0
end_of_record
TN:
SF:src/Components/Footer/index.jsx
FN:3,Footer
FNF:1
FNH:1
FNDA:2,Footer
DA:4,2
LF:1
LH:1
BRF:0
BRH:0
end_of_record
TN:
SF:src/Components/Header/index.jsx
FN:5,Header
FN:7,(anonymous_1)
FNF:2
FNH:2
FNDA:1,Header
FNDA:2,(anonymous_1)
DA:7,2
DA:10,1
LF:2
LH:2
BRF:0
BRH:0
end_of_record
TN:
SF:src/Components/ProductDetails/index.jsx
FN:6,ProductDetails
FN:9,(anonymous_1)
FN:11,(anonymous_2)
FNF:3
FNH:0
FNDA:0,ProductDetails
FNDA:0,(anonymous_1)
FNDA:0,(anonymous_2)
DA:8,0
DA:9,0
DA:11,0
DA:12,0
DA:13,0
LF:5
LH:0
BRF:0
BRH:0
end_of_record
TN:
SF:src/Components/Products/index.jsx
FN:9,Products
FN:11,(anonymous_1)
FN:12,(anonymous_2)
FN:17,(anonymous_3)
FN:22,(anonymous_4)
FN:29,(anonymous_5)
FN:52,(anonymous_6)
FNF:7
FNH:4
FNDA:1,Products
FNDA:2,(anonymous_1)
FNDA:2,(anonymous_2)
FNDA:0,(anonymous_3)
FNDA:1,(anonymous_4)
FNDA:0,(anonymous_5)
FNDA:0,(anonymous_6)
DA:11,2
DA:12,2
DA:13,1
DA:17,1
DA:18,0
DA:19,0
DA:22,1
DA:23,1
DA:26,1
DA:30,0
DA:52,0
LF:11
LH:7
BRF:0
BRH:0
end_of_record
TN:
SF:src/Components/ShoppingCart/index.jsx
FN:4,ShoppingCart
FN:5,(anonymous_1)
FN:7,(anonymous_2)
FN:9,(anonymous_3)
FN:20,(anonymous_4)
FNF:5
FNH:0
FNDA:0,ShoppingCart
FNDA:0,(anonymous_1)
FNDA:0,(anonymous_2)
FNDA:0,(anonymous_3)
FNDA:0,(anonymous_4)
DA:5,0
DA:7,0
DA:8,0
DA:9,0
DA:10,0
DA:12,0
DA:15,0
DA:21,0
LF:8
LH:0
BRF:0
BRH:0
end_of_record
TN:
SF:src/Components/SimpleCart/index.jsx
FN:9,SimpleCart
FN:11,(anonymous_1)
FN:15,(anonymous_2)
FN:25,(anonymous_3)
FN:28,(anonymous_4)
FNF:5
FNH:2
FNDA:1,SimpleCart
FNDA:2,(anonymous_1)
FNDA:0,(anonymous_2)
FNDA:0,(anonymous_3)
FNDA:0,(anonymous_4)
DA:11,2
DA:12,1
DA:15,1
DA:16,0
DA:17,0
DA:20,1
DA:26,0
DA:28,0
LF:8
LH:4
BRF:0
BRH:0
end_of_record
TN:
SF:src/Components/Storefront/index.jsx
FN:9,Storefront
FNF:1
FNH:1
FNDA:1,Storefront
DA:10,1
LF:1
LH:1
BRF:0
BRH:0
end_of_record
TN:
SF:src/store/cart.js
FN:11,(anonymous_0)
FN:19,(anonymous_1)
FN:22,(anonymous_2)
FN:25,(anonymous_3)
FNF:4
FNH:4
FNDA:1,(anonymous_0)
FNDA:1,(anonymous_1)
FNDA:1,(anonymous_2)
FNDA:1,(anonymous_3)
DA:3,8
DA:7,8
DA:12,1
DA:20,1
DA:22,1
DA:26,1
DA:31,8
LF:7
LH:7
BRF:0
BRH:0
end_of_record
TN:
SF:src/store/categories.js
FN:12,(anonymous_0)
FN:18,(anonymous_1)
FN:24,(anonymous_2)
FN:33,(anonymous_3)
FN:33,(anonymous_4)
FNF:5
FNH:3
FNDA:1,(anonymous_0)
FNDA:0,(anonymous_1)
FNDA:0,(anonymous_2)
FNDA:2,(anonymous_3)
FNDA:2,(anonymous_4)
DA:5,8
DA:13,1
DA:19,0
DA:25,0
DA:30,8
DA:33,8
DA:34,2
DA:36,0
LF:8
LH:5
BRF:0
BRH:0
end_of_record
TN:
SF:src/store/index.js
FN:7,(anonymous_0)
FNF:1
FNH:1
FNDA:7,(anonymous_0)
DA:7,7
LF:1
LH:1
BRF:0
BRH:0
end_of_record
TN:
SF:src/store/products.js
FN:12,(anonymous_0)
FN:18,(anonymous_1)
FN:21,(anonymous_2)
FN:24,(anonymous_3)
FN:32,(anonymous_4)
FN:32,(anonymous_5)
FN:38,(anonymous_6)
FN:38,(anonymous_7)
FN:45,(anonymous_8)
FN:45,(anonymous_9)
FNF:10
FNH:2
FNDA:0,(anonymous_0)
FNDA:0,(anonymous_1)
FNDA:0,(anonymous_2)
FNDA:0,(anonymous_3)
FNDA:1,(anonymous_4)
FNDA:1,(anonymous_5)
FNDA:0,(anonymous_6)
FNDA:0,(anonymous_7)
FNDA:0,(anonymous_8)
FNDA:0,(anonymous_9)
DA:4,8
DA:8,8
DA:13,0
DA:19,0
DA:21,0
DA:25,0
DA:29,8
DA:32,8
DA:33,1
DA:35,0
DA:38,8
DA:39,0
DA:40,0
DA:42,0
DA:45,8
DA:46,0
DA:47,0
DA:49,0
LF:18
LH:7
BRF:0
BRH:0
end_of_record
